2024-09-01 23:28:13,501 - pyswarms.single.global_best - INFO - Optimize for 3 iters with {'c1': 0.7, 'c2': 0.5, 'w': 0.5}
2024-09-01 23:28:42,203 - pyswarms.single.global_best - INFO - Optimization finished | best cost: 5.181612589309871, best pos: [2.32571997e+03 1.13237927e+00 1.80519674e+00]
2024-09-02 13:25:32,656 - pyswarms.single.global_best - INFO - Optimize for 3 iters with {'c1': 0.7, 'c2': 0.5, 'w': 0.5}
2024-09-02 13:25:49,798 - pyswarms.single.global_best - INFO - Optimization finished | best cost: 5.2008346644294505, best pos: [1.83763646e+03 1.27253314e+00 1.91905187e+00]
2024-09-02 13:27:39,415 - pyswarms.single.global_best - INFO - Optimize for 3 iters with {'c1': 0.7, 'c2': 0.5, 'w': 0.5}
2024-09-02 13:27:50,399 - pyswarms.single.global_best - INFO - Optimization finished | best cost: 5.683683233811494, best pos: [4.09613623e+03 4.85421713e-01 1.46100435e+00]
2024-09-02 13:27:50,516 - pyswarms.single.global_best - INFO - Optimize for 3 iters with {'c1': 0.7, 'c2': 0.5, 'w': 0.5}
2024-09-02 13:27:56,912 - pyswarms.single.global_best - INFO - Optimization finished | best cost: 6.250665155994026, best pos: [2.33397476e+03 2.22951339e+00 1.44631236e+00]
2024-09-02 13:27:56,935 - pyswarms.single.global_best - INFO - Optimize for 3 iters with {'c1': 0.7, 'c2': 0.5, 'w': 0.5}
2024-09-02 13:28:05,872 - pyswarms.single.global_best - INFO - Optimization finished | best cost: 6.166621581647179, best pos: [4.64631240e+03 2.67932806e+00 1.52587371e+00]
2024-09-02 13:28:05,896 - pyswarms.single.global_best - INFO - Optimize for 3 iters with {'c1': 0.7, 'c2': 0.5, 'w': 0.5}
2024-09-02 13:28:15,614 - pyswarms.single.global_best - INFO - Optimization finished | best cost: 6.184086056360399, best pos: [2.38859776e+03 4.61119558e-01 1.23001102e+00]
2024-09-02 13:28:15,686 - pyswarms.single.global_best - INFO - Optimize for 3 iters with {'c1': 0.7, 'c2': 0.5, 'w': 0.5}
2024-09-02 13:28:24,508 - pyswarms.single.global_best - INFO - Optimization finished | best cost: 5.94458635358359, best pos: [3.37005869e+03 2.16828324e+00 7.93810403e-01]
2024-09-02 13:28:24,536 - pyswarms.single.global_best - INFO - Optimize for 3 iters with {'c1': 0.7, 'c2': 0.5, 'w': 0.5}
2024-09-02 13:28:33,221 - pyswarms.single.global_best - INFO - Optimization finished | best cost: 5.563831672381417, best pos: [1.23110080e+03 1.12272917e+00 1.56915073e+00]
2024-09-02 13:28:33,251 - pyswarms.single.global_best - INFO - Optimize for 3 iters with {'c1': 0.7, 'c2': 0.5, 'w': 0.5}
2024-09-02 13:28:39,809 - pyswarms.single.global_best - INFO - Optimization finished | best cost: 5.764497690611522, best pos: [1.67120240e+03 1.15502345e+00 1.61548824e+00]
2024-09-02 13:28:39,839 - pyswarms.single.global_best - INFO - Optimize for 3 iters with {'c1': 0.7, 'c2': 0.5, 'w': 0.5}
2024-09-02 13:28:51,972 - pyswarms.single.global_best - INFO - Optimization finished | best cost: 6.40434294748229, best pos: [3.95666524e+03 8.11616295e-01 1.36216781e+00]
2024-09-02 13:28:52,091 - pyswarms.single.global_best - INFO - Optimize for 3 iters with {'c1': 0.7, 'c2': 0.5, 'w': 0.5}
2024-09-02 13:28:59,824 - pyswarms.single.global_best - INFO - Optimization finished | best cost: 6.043676840716225, best pos: [2.53770041e+03 2.87511095e+00 1.62333619e+00]
2024-09-02 13:28:59,843 - pyswarms.single.global_best - INFO - Optimize for 3 iters with {'c1': 0.7, 'c2': 0.5, 'w': 0.5}
2024-09-02 13:29:08,085 - pyswarms.single.global_best - INFO - Optimization finished | best cost: 5.938400072924397, best pos: [1.62368453e+03 1.93093007e-02 1.50146233e+00]
2024-09-02 13:33:09,540 - pyswarms.single.global_best - INFO - Optimize for 1 iters with {'c1': 0.7, 'c2': 0.5, 'w': 0.5}
2024-09-02 13:33:19,598 - pyswarms.single.global_best - INFO - Optimization finished | best cost: 6.1949049226021575, best pos: [1.11939500e+03 9.83244527e-01 1.31257304e+00]
2024-09-02 13:33:19,624 - pyswarms.single.global_best - INFO - Optimize for 1 iters with {'c1': 0.7, 'c2': 0.5, 'w': 0.5}
2024-09-02 13:33:34,243 - pyswarms.single.global_best - INFO - Optimization finished | best cost: 6.870927556463682, best pos: [3.10723384e+03 1.87525250e+00 1.49035092e+00]
2024-09-02 13:33:34,281 - pyswarms.single.global_best - INFO - Optimize for 1 iters with {'c1': 0.7, 'c2': 0.5, 'w': 0.5}
2024-09-02 13:33:46,267 - pyswarms.single.global_best - INFO - Optimization finished | best cost: 5.674804951174074, best pos: [3.36175591e+03 6.33688379e-01 1.13664844e+00]
2024-09-02 13:33:46,353 - pyswarms.single.global_best - INFO - Optimize for 1 iters with {'c1': 0.7, 'c2': 0.5, 'w': 0.5}
2024-09-02 13:33:53,329 - pyswarms.single.global_best - INFO - Optimization finished | best cost: 5.935084019384466, best pos: [2.25747306e+03 1.02245869e+00 1.33800294e+00]
2024-09-02 13:33:53,378 - pyswarms.single.global_best - INFO - Optimize for 1 iters with {'c1': 0.7, 'c2': 0.5, 'w': 0.5}
2024-09-02 13:34:00,535 - pyswarms.single.global_best - INFO - Optimization finished | best cost: 5.679606136165756, best pos: [1.13128576e+03 6.72186942e-01 1.76499436e+00]
2024-09-02 13:34:00,578 - pyswarms.single.global_best - INFO - Optimize for 1 iters with {'c1': 0.7, 'c2': 0.5, 'w': 0.5}
2024-09-02 13:34:08,765 - pyswarms.single.global_best - INFO - Optimization finished | best cost: 6.532856398694662, best pos: [3.49598777e+03 6.06998321e-01 9.26396826e-01]
2024-09-02 13:34:08,855 - pyswarms.single.global_best - INFO - Optimize for 1 iters with {'c1': 0.7, 'c2': 0.5, 'w': 0.5}
2024-09-02 13:34:19,737 - pyswarms.single.global_best - INFO - Optimization finished | best cost: 5.697983947781845, best pos: [4.80308486e+03 4.74070502e-02 1.42473855e+00]
2024-09-02 13:34:19,993 - pyswarms.single.global_best - INFO - Optimize for 1 iters with {'c1': 0.7, 'c2': 0.5, 'w': 0.5}
2024-09-02 13:34:27,812 - pyswarms.single.global_best - INFO - Optimization finished | best cost: 6.010919523193596, best pos: [3.77536375e+03 2.61502219e+00 1.19216682e+00]
2024-09-02 13:34:27,837 - pyswarms.single.global_best - INFO - Optimize for 1 iters with {'c1': 0.7, 'c2': 0.5, 'w': 0.5}
2024-09-02 13:34:35,297 - pyswarms.single.global_best - INFO - Optimization finished | best cost: 5.792599388131659, best pos: [3.10541002e+03 1.33686765e+00 1.55200110e+00]
2024-09-02 13:34:35,340 - pyswarms.single.global_best - INFO - Optimize for 1 iters with {'c1': 0.7, 'c2': 0.5, 'w': 0.5}
2024-09-02 13:34:47,071 - pyswarms.single.global_best - INFO - Optimization finished | best cost: 6.164481630553799, best pos: [4.30343553e+03 1.01918082e+00 1.27927679e+00]
2024-09-02 14:44:37,339 - pyswarms.single.global_best - INFO - Optimize for 10 iters with {'c1': 0.7, 'c2': 0.5, 'w': 0.5}
2024-09-02 14:45:05,968 - pyswarms.single.global_best - INFO - Optimization finished | best cost: 5.985187681746266, best pos: [2.27926652e+03 1.74855266e+00 1.64703366e+00]
2024-09-02 14:45:06,089 - pyswarms.single.global_best - INFO - Optimize for 10 iters with {'c1': 0.7, 'c2': 0.5, 'w': 0.5}
2024-09-02 14:45:22,465 - pyswarms.single.global_best - INFO - Optimization finished | best cost: 5.669707975368736, best pos: [1353.73211063    2.29209672    1.66816214]
2024-09-02 14:45:22,580 - pyswarms.single.global_best - INFO - Optimize for 10 iters with {'c1': 0.7, 'c2': 0.5, 'w': 0.5}
2024-09-02 14:45:58,964 - pyswarms.single.global_best - INFO - Optimization finished | best cost: 5.902593872482527, best pos: [3.58274701e+03 1.02548370e+00 1.34354301e+00]
2024-09-02 14:45:59,084 - pyswarms.single.global_best - INFO - Optimize for 10 iters with {'c1': 0.7, 'c2': 0.5, 'w': 0.5}
2024-09-02 14:47:22,861 - pyswarms.single.global_best - INFO - Optimization finished | best cost: 5.766998489972577, best pos: [2.27180593e+03 8.02490939e-01 1.70505987e+00]
2024-09-02 14:47:23,102 - pyswarms.single.global_best - INFO - Optimize for 10 iters with {'c1': 0.7, 'c2': 0.5, 'w': 0.5}
2024-09-02 14:49:09,244 - pyswarms.single.global_best - INFO - Optimization finished | best cost: 5.050248969288693, best pos: [1.79165733e+03 2.51737555e-01 1.83328771e+00]
2024-09-02 14:49:09,484 - pyswarms.single.global_best - INFO - Optimize for 10 iters with {'c1': 0.7, 'c2': 0.5, 'w': 0.5}
2024-09-02 14:49:41,416 - pyswarms.single.global_best - INFO - Optimization finished | best cost: 6.0004581134406445, best pos: [2.42671240e+03 2.05377616e+00 1.53602461e+00]
2024-09-02 14:49:41,671 - pyswarms.single.global_best - INFO - Optimize for 10 iters with {'c1': 0.7, 'c2': 0.5, 'w': 0.5}
2024-09-02 14:50:18,251 - pyswarms.single.global_best - INFO - Optimization finished | best cost: 6.237342203047338, best pos: [2.21226694e+03 1.88292678e+00 1.60378399e+00]
2024-09-02 14:50:18,436 - pyswarms.single.global_best - INFO - Optimize for 10 iters with {'c1': 0.7, 'c2': 0.5, 'w': 0.5}
2024-09-02 14:51:06,659 - pyswarms.single.global_best - INFO - Optimization finished | best cost: 5.22196049691182, best pos: [2.92730523e+03 1.28397360e+00 1.17681047e+00]
2024-09-02 14:51:06,817 - pyswarms.single.global_best - INFO - Optimize for 10 iters with {'c1': 0.7, 'c2': 0.5, 'w': 0.5}
2024-09-02 14:51:29,816 - pyswarms.single.global_best - INFO - Optimization finished | best cost: 5.630092571405566, best pos: [2.54030950e+03 1.94003025e+00 1.46382657e+00]
2024-09-02 14:51:29,941 - pyswarms.single.global_best - INFO - Optimize for 10 iters with {'c1': 0.7, 'c2': 0.5, 'w': 0.5}
2024-09-02 14:52:09,157 - pyswarms.single.global_best - INFO - Optimization finished | best cost: 5.305711539911556, best pos: [3.40562855e+03 1.00933164e+00 1.37103292e+00]
